#
# There is insufficient memory for the Java Runtime Environment to continue.
# Native memory allocation (mmap) failed to map 130023424 bytes for G1 virtual space
# Possible reasons:
#   The system is out of physical RAM or swap space
#   The process is running with CompressedOops enabled, and the Java Heap may be blocking the growth of the native heap
# Possible solutions:
#   Reduce memory load on the system
#   Increase physical memory or swap space
#   Check if swap backing store is full
#   Decrease Java heap size (-Xmx/-Xms)
#   Decrease number of Java threads
#   Decrease Java thread stack sizes (-Xss)
#   Set larger code cache with -XX:ReservedCodeCacheSize=
#   JVM is running with Unscaled Compressed Oops mode in which the Java heap is
#     placed in the first 4GB address space. The Java Heap base address is the
#     maximum limit for the native heap growth. Please use -XX:HeapBaseMinAddress
#     to set the Java Heap base and to place the Java Heap above 4GB virtual address.
# This output file may be truncated or incomplete.
#
#  Out of Memory Error (os_windows.cpp:3527), pid=14648, tid=20108
#
# JRE version:  (19.0+36) (build )
# Java VM: Java HotSpot(TM) 64-Bit Server VM (19+36-2238, mixed mode, sharing, tiered, compressed oops, compressed class ptrs, g1 gc, windows-amd64)
# No core dump will be written. Minidumps are not enabled by default on client versions of Windows
#

---------------  S U M M A R Y ------------

Command Line: --enable-preview -XX:+ShowCodeDetailsInExceptionMessages Exception_Seminar1.Task1

Host: 11th Gen Intel(R) Core(TM) i3-1125G4 @ 2.00GHz, 8 cores, 7G,  Windows 10 , 64 bit Build 19041 (10.0.19041.2364)
Time: Thu Dec 22 22:00:06 2022 RTZ 2 (s 10 , 64 bit Build 19041 (10.0.19041.2364) elapsed time: 0.013589 seconds (0d 0h 0m 0s)

---------------  T H R E A D  ---------------

Current thread (0x000002cf52afdd80):  JavaThread "Unknown thread" [_thread_in_vm, id=20108, stack(0x000000ec48c00000,0x000000ec48d00000)]

Stack: [0x000000ec48c00000,0x000000ec48d00000]
Native frames: (J=compiled Java code, j=interpreted, Vv=VM code, C=native code)
V  [jvm.dll+0x6ee8fa]
V  [jvm.dll+0x857a1e]
V  [jvm.dll+0x85940e]
V  [jvm.dll+0x859ac3]
V  [jvm.dll+0x28291f]
V  [jvm.dll+0x6eb6e9]
V  [jvm.dll+0x6e028a]
V  [jvm.dll+0x357136]
V  [jvm.dll+0x35eb96]
V  [jvm.dll+0x3b555e]
V  [jvm.dll+0x3b578f]
V  [jvm.dll+0x32c6ea]
V  [jvm.dll+0x32d59e]
V  [jvm.dll+0x821b20]
V  [jvm.dll+0x3c27c1]
V  [jvm.dll+0x8022f1]
V  [jvm.dll+0x44b30f]
V  [jvm.dll+0x44cc91]
C  [jli.dll+0x5287]
C  [ucrtbase.dll+0x21bb2]
C  [KERNEL32.DLL+0x17614]
C  [ntdll.dll+0x526a1]


---------------  P R O C E S S  ---------------

Threads class SMR info:
_java_thread_list=0x00007ffa682dd048, length=0, elements={
}

Java Threads: ( => current thread )

Other Threads:
  0x000002cf52b5cc90 WorkerThread "GC Thread#0" [stack: 0x000000ec48d00000,0x000000ec48e00000] [id=10168]
  0x000002cf52b6d290 ConcurrentGCThread "G1 Main Marker" [stack: 0x000000ec48e00000,0x000000ec48f00000] [id=13696]
  0x000002cf52b6dcc0 WorkerThread "G1 Conc#0" [stack: 0x000000ec48f00000,0x000000ec49000000] [id=20396]

[error occurred during error reporting (printing all threads), id 0xc0000005, EXCEPTION_ACCESS_VIOLATION (0xc0000005) at pc=0x00007ffa67a9d127]

VM state: not at safepoint (not fully initialized)

VM Mutex/Monitor currently owned by a thread:  ([mutex/lock_event])
[0x000002cf52af8960] Heap_lock - owner thread: 0x000002cf52afdd80

Heap address: 0x0000000085800000, size: 1960 MB, Compressed Oops mode: 32-bit

CDS archive(s) mapped at: [0x0000000000000000-0x0000000000000000-0x0000000000000000), size 0, SharedBaseAddress: 0x0000000800000000, ArchiveRelocationMode: 0.
Narrow klass base: 0x0000000000000000, Narrow klass shift: 0, Narrow klass range: 0x0

GC Precious Log:
 CardTable entry size: 512
 Card Set container configuration: InlinePtr #cards 5 size 8 Array Of Cards #cards 12 size 40 Howl #buckets 4 coarsen threshold 1843 Howl Bitmap #cards 512 size 80 coarsen threshold 460 Card regions per heap region 1 cards per card region 2048

Heap:
 garbage-first heap   total 0K, used 0K [0x0000000085800000, 0x0000000100000000)
  region size 1024K, 0 young (0K), 0 survivors (0K)

[error occurred during error reporting (printing heap information), id 0xc0000005, EXCEPTION_ACCESS_VIOLATION (0xc0000005) at pc=0x00007ffa67ea6959]

GC Heap History (0 events):
No events

Dll operation events (1 events):
Event: 0.004 Loaded shared library C:\Program Files\Java\jdk-19\bin\java.dll

Deoptimization events (0 events):
No events

Classes loaded (0 events):
No events

Classes unloaded (0 events):
No events

Classes redefined (0 events):
No events

Internal exceptions (0 events):
No events

VM Operations (0 events):
No events

Events (0 events):
No events


Dynamic libraries:
0x00007ff77dd80000 - 0x00007ff77dd90000 	C:\Program Files\Java\jdk-19\bin\java.exe
0x00007ffac6330000 - 0x00007ffac6528000 	C:\WINDOWS\SYSTEM32\ntdll.dll
0x00007ffac61d0000 - 0x00007ffac628f000 	C:\WINDOWS\System32\KERNEL32.DLL
0x00007ffac3a90000 - 0x00007ffac3d62000 	C:\WINDOWS\System32\KERNELBASE.dll
0x00007ffac3e50000 - 0x00007ffac3f50000 	C:\WINDOWS\System32\ucrtbase.dll
0x00007ffabf050000 - 0x00007ffabf06b000 	C:\Program Files\Java\jdk-19\bin\VCRUNTIME140.dll
0x00007ffabd160000 - 0x00007ffabd178000 	C:\Program Files\Java\jdk-19\bin\jli.dll
0x00007ffac5050000 - 0x00007ffac50fe000 	C:\WINDOWS\System32\ADVAPI32.dll
0x00007ffac49d0000 - 0x00007ffac4a6e000 	C:\WINDOWS\System32\msvcrt.dll
0x00007ffac4a70000 - 0x00007ffac4b0c000 	C:\WINDOWS\System32\sechost.dll
0x00007ffac46a0000 - 0x00007ffac47c5000 	C:\WINDOWS\System32\RPCRT4.dll
0x00007ffac5bb0000 - 0x00007ffac5d51000 	C:\WINDOWS\System32\USER32.dll
0x00007ffaa89c0000 - 0x00007ffaa8c5a000 	C:\WINDOWS\WinSxS\amd64_microsoft.windows.common-controls_6595b64144ccf1df_6.0.19041.1110_none_60b5254171f9507e\COMCTL32.dll
0x00007ffac3e20000 - 0x00007ffac3e42000 	C:\WINDOWS\System32\win32u.dll
0x00007ffac5020000 - 0x00007ffac504b000 	C:\WINDOWS\System32\GDI32.dll
0x00007ffac3f50000 - 0x00007ffac405f000 	C:\WINDOWS\System32\gdi32full.dll
0x00007ffac4120000 - 0x00007ffac41bd000 	C:\WINDOWS\System32\msvcp_win.dll
0x00007ffabbae0000 - 0x00007ffabbaea000 	C:\WINDOWS\SYSTEM32\VERSION.dll
0x00007ffac4390000 - 0x00007ffac43c2000 	C:\WINDOWS\System32\IMM32.DLL
0x00007ffabd210000 - 0x00007ffabd21c000 	C:\Program Files\Java\jdk-19\bin\vcruntime140_1.dll
0x00007ffa915c0000 - 0x00007ffa9164e000 	C:\Program Files\Java\jdk-19\bin\msvcp140.dll
0x00007ffa67760000 - 0x00007ffa68420000 	C:\Program Files\Java\jdk-19\bin\server\jvm.dll
0x00007ffabd150000 - 0x00007ffabd159000 	C:\WINDOWS\SYSTEM32\WSOCK32.dll
0x00007ffaa68d0000 - 0x00007ffaa68f7000 	C:\WINDOWS\SYSTEM32\WINMM.dll
0x00007ffac51b0000 - 0x00007ffac521b000 	C:\WINDOWS\System32\WS2_32.dll
0x00007ffac2270000 - 0x00007ffac2282000 	C:\WINDOWS\SYSTEM32\kernel.appcore.dll
0x00007ffabaff0000 - 0x00007ffabaffa000 	C:\Program Files\Java\jdk-19\bin\jimage.dll
0x00007ffac17c0000 - 0x00007ffac19a4000 	C:\WINDOWS\SYSTEM32\DBGHELP.DLL
0x00007ffaa65d0000 - 0x00007ffaa6605000 	C:\WINDOWS\SYSTEM32\dbgcore.DLL
0x00007ffac4060000 - 0x00007ffac40e2000 	C:\WINDOWS\System32\bcryptPrimitives.dll
0x00007ffabafc0000 - 0x00007ffabafe6000 	C:\Program Files\Java\jdk-19\bin\java.dll

dbghelp: loaded successfully - version: 4.0.5 - missing functions: none
symbol engine: initialized successfully - sym options: 0x614 - pdb path: .;C:\Program Files\Java\jdk-19\bin;C:\WINDOWS\SYSTEM32;C:\WINDOWS\WinSxS\amd64_microsoft.windows.common-controls_6595b64144ccf1df_6.0.19041.1110_none_60b5254171f9507e;C:\Program Files\Java\jdk-19\bin\server

VM Arguments:
jvm_args: --enable-preview -XX:+ShowCodeDetailsInExceptionMessages 
java_command: Exception_Seminar1.Task1
java_class_path (initial): C:\Users\rimtimti\AppData\Roaming\Code\User\workspaceStorage\46947a51eafc68bf0daaf603f8ba07c6\redhat.java\jdt_ws\JAVA_Home_Work_2433d49c\bin;c:\Program Files\Java\jdk-19\lib\json-simple-1.1.1.jar
Launcher Type: SUN_STANDARD

[Global flags]
     intx CICompilerCount                          = 4                                         {product} {ergonomic}
     uint ConcGCThreads                            = 2                                         {product} {ergonomic}
     uint G1ConcRefinementThreads                  = 8                                         {product} {ergonomic}
   size_t G1HeapRegionSize                         = 1048576                                   {product} {ergonomic}
    uintx GCDrainStackTargetSize                   = 64                                        {product} {ergonomic}
   size_t InitialHeapSize                          = 130023424                                 {product} {ergonomic}
   size_t MarkStackSize                            = 4194304                                   {product} {ergonomic}
   size_t MaxHeapSize                              = 2055208960                                {product} {ergonomic}
   size_t MinHeapDeltaBytes                        = 1048576                                   {product} {ergonomic}
   size_t MinHeapSize                              = 8388608                                   {product} {ergonomic}
    uintx NonNMethodCodeHeapSize                   = 5839372                                {pd product} {ergonomic}
    uintx NonProfiledCodeHeapSize                  = 122909434                              {pd product} {ergonomic}
    uintx ProfiledCodeHeapSize                     = 122909434                              {pd product} {ergonomic}
    uintx ReservedCodeCacheSize                    = 251658240                              {pd product} {ergonomic}
     bool SegmentedCodeCache                       = true                                      {product} {ergonomic}
     bool ShowCodeDetailsInExceptionMessages       = true                                   {manageable} {command line}
   size_t SoftMaxHeapSize                          = 2055208960                             {manageable} {ergonomic}
     bool UseCompressedClassPointers               = true                           {product lp64_product} {ergonomic}
     bool UseCompressedOops                        = true                           {product lp64_product} {ergonomic}
     bool UseG1GC                                  = true                                      {product} {ergonomic}
     bool UseLargePagesIndividualAllocation        = false                                  {pd product} {ergonomic}

Logging:
Log output configuration:
 #0: stdout all=warning uptime,level,tags foldmultilines=false
 #1: stderr all=off uptime,level,tags foldmultilines=false

Environment Variables:
PATH=C:\Program Files\Common Files\Oracle\Java\javapath;C:\WINDOWS\system32;C:\WINDOWS;C:\WINDOWS\System32\Wbem;C:\WINDOWS\System32\WindowsPowerShell\v1.0\;C:\WINDOWS\System32\OpenSSH\;C:\Program Files\dotnet\;C:\Program Files\Git\cmd;C:\Users\rimtimti\AppData\Local\Programs\Python\Python310\Scripts\;C:\Users\rimtimti\AppData\Local\Programs\Python\Python310\;C:\Users\rimtimti\AppData\Local\Microsoft\WindowsApps;C:\Users\rimtimti\.dotnet\tools;C:\Users\rimtimti\AppData\Local\Programs\Microsoft VS Code\bin
USERNAME=rimtimti
LANG=ru_RU.UTF-8
OS=Windows_NT
PROCESSOR_IDENTIFIER=Intel64 Family 6 Model 140 Stepping 1, GenuineIntel
TMP=C:\Users\rimtimti\AppData\Local\Temp
TEMP=C:\Users\rimtimti\AppData\Local\Temp



---------------  S Y S T E M  ---------------

OS:
 Windows 10 , 64 bit Build 19041 (10.0.19041.2364)
OS uptime: 7 days 6:02 hours

CPU: total 8 (initial active 8) (4 cores per cpu, 2 threads per core) family 6 model 140 stepping 1 microcode 0x9a, cx8, cmov, fxsr, ht, mmx, 3dnowpref, sse, sse2, sse3, ssse3, sse4.1, sse4.2, popcnt, lzcnt, tsc, tscinvbit, avx, avx2, aes, erms, clmul, bmi1, bmi2, adx, avx512f, avx512dq, avx512cd, avx512bw, avx512vl, sha, fma, vzeroupper, avx512_vpopcntdq, avx512_vpclmulqdq, avx512_vaes, avx512_vnni, clflush, clflushopt, clwb, avx512_vbmi2, avx512_vbmi, rdtscp, rdpid, fsrm, gfni, avx512_bitalg

Memory: 4k page, system-wide physical 7834M (1085M free)
TotalPageFile size 8634M (AvailPageFile size 123M)
current process WorkingSet (physical memory assigned to process): 10M, peak: 10M
current process commit charge ("private bytes"): 60M, peak: 184M

vm_info: Java HotSpot(TM) 64-Bit Server VM (19+36-2238) for windows-amd64 JRE (19+36-2238), built on 2022-08-12T20:29:01Z by "mach5one" with MS VC++ 17.1 (VS2022)

END.
