#
# There is insufficient memory for the Java Runtime Environment to continue.
# Native memory allocation (mmap) failed to map 65536 bytes for Failed to commit metaspace.
# Possible reasons:
#   The system is out of physical RAM or swap space
#   The process is running with CompressedOops enabled, and the Java Heap may be blocking the growth of the native heap
# Possible solutions:
#   Reduce memory load on the system
#   Increase physical memory or swap space
#   Check if swap backing store is full
#   Decrease Java heap size (-Xmx/-Xms)
#   Decrease number of Java threads
#   Decrease Java thread stack sizes (-Xss)
#   Set larger code cache with -XX:ReservedCodeCacheSize=
#   JVM is running with Unscaled Compressed Oops mode in which the Java heap is
#     placed in the first 4GB address space. The Java Heap base address is the
#     maximum limit for the native heap growth. Please use -XX:HeapBaseMinAddress
#     to set the Java Heap base and to place the Java Heap above 4GB virtual address.
# This output file may be truncated or incomplete.
#
#  Out of Memory Error (virtualSpaceNode.cpp:110), pid=14768, tid=3580
#
# JRE version: Java(TM) SE Runtime Environment (19.0+36) (build 19+36-2238)
# Java VM: Java HotSpot(TM) 64-Bit Server VM (19+36-2238, mixed mode, tiered, compressed oops, compressed class ptrs, g1 gc, windows-amd64)
# No core dump will be written. Minidumps are not enabled by default on client versions of Windows
#

---------------  S U M M A R Y ------------

Command Line: --enable-preview -XX:+ShowCodeDetailsInExceptionMessages Seminar4.Task02

Host: 11th Gen Intel(R) Core(TM) i3-1125G4 @ 2.00GHz, 8 cores, 7G,  Windows 10 , 64 bit Build 19041 (10.0.19041.1889)
Time: Wed Nov  9 12:29:09 2022 RTZ 2 (s 10 , 64 bit Build 19041 (10.0.19041.1889) elapsed time: 0.123070 seconds (0d 0h 0m 0s)

---------------  T H R E A D  ---------------

Current thread (0x000001d5eefeb770):  JavaThread "main" [_thread_in_vm, id=3580, stack(0x0000004b95f00000,0x0000004b96000000)]

Stack: [0x0000004b95f00000,0x0000004b96000000]
Native frames: (J=compiled Java code, j=interpreted, Vv=VM code, C=native code)
V  [jvm.dll+0x6ee8fa]
V  [jvm.dll+0x857a1e]
V  [jvm.dll+0x85940e]
V  [jvm.dll+0x859ac3]
V  [jvm.dll+0x28291f]
V  [jvm.dll+0x85369b]
V  [jvm.dll+0x693276]
V  [jvm.dll+0x6932da]
V  [jvm.dll+0x695bd3]
V  [jvm.dll+0x695a9e]
V  [jvm.dll+0x693c9e]
V  [jvm.dll+0x28015c]
V  [jvm.dll+0x7435dd]
V  [jvm.dll+0x743fdf]
V  [jvm.dll+0x3c9afe]
V  [jvm.dll+0x3c8c74]
V  [jvm.dll+0x3c8c18]
V  [jvm.dll+0x3da41a]
C  0x000001d58755e13e

Java frames: (J=compiled Java code, j=interpreted, Vv=VM code)
j  jdk.internal.module.ServicesCatalog.addProviders(Ljava/lang/String;[Ljdk/internal/module/ServicesCatalog$ServiceProvider;)V+18 java.base@19
j  jdk.internal.module.ServicesCatalog.register(Ljava/lang/Module;)V+111 java.base@19
j  java.lang.Module.defineModules(Ljava/lang/module/Configuration;Ljava/util/function/Function;Ljava/lang/ModuleLayer;)Ljava/util/Map;+747 java.base@19
j  java.lang.ModuleLayer.<init>(Ljava/lang/module/Configuration;Ljava/util/List;Ljava/util/function/Function;)V+34 java.base@19
j  java.lang.ModuleLayer.defineModules(Ljava/lang/module/Configuration;Ljava/util/List;Ljava/util/function/Function;)Ljava/lang/ModuleLayer$Controller;+36 java.base@19
j  java.lang.ModuleLayer.defineModules(Ljava/lang/module/Configuration;Ljava/util/function/Function;)Ljava/lang/ModuleLayer;+6 java.base@19
j  jdk.internal.module.ModuleBootstrap.boot2()Ljava/lang/ModuleLayer;+1207 java.base@19
j  jdk.internal.module.ModuleBootstrap.boot()Ljava/lang/ModuleLayer;+64 java.base@19
j  java.lang.System.initPhase2(ZZ)I+0 java.base@19
v  ~StubRoutines::call_stub 0x000001d5875310e8

---------------  P R O C E S S  ---------------

Threads class SMR info:
_java_thread_list=0x000001d59317bff0, length=10, elements={
0x000001d5eefeb770, 0x000001d59316f550, 0x000001d593170230, 0x000001d593176b70,
0x000001d593177590, 0x000001d593177fb0, 0x000001d5931789d0, 0x000001d593179860,
0x000001d59318a500, 0x000001d5931b7ff0
}

Java Threads: ( => current thread )
=>0x000001d5eefeb770 JavaThread "main" [_thread_in_vm, id=3580, stack(0x0000004b95f00000,0x0000004b96000000)]
  0x000001d59316f550 JavaThread "Reference Handler" daemon [_thread_blocked, id=16156, stack(0x0000004b96600000,0x0000004b96700000)]
  0x000001d593170230 JavaThread "Finalizer" daemon [_thread_blocked, id=15836, stack(0x0000004b96700000,0x0000004b96800000)]
  0x000001d593176b70 JavaThread "Signal Dispatcher" daemon [_thread_blocked, id=5772, stack(0x0000004b96800000,0x0000004b96900000)]
  0x000001d593177590 JavaThread "Attach Listener" daemon [_thread_blocked, id=10480, stack(0x0000004b96900000,0x0000004b96a00000)]
  0x000001d593177fb0 JavaThread "Service Thread" daemon [_thread_blocked, id=12644, stack(0x0000004b96a00000,0x0000004b96b00000)]
  0x000001d5931789d0 JavaThread "Monitor Deflation Thread" daemon [_thread_blocked, id=4288, stack(0x0000004b96b00000,0x0000004b96c00000)]
  0x000001d593179860 JavaThread "C2 CompilerThread0" daemon [_thread_blocked, id=16172, stack(0x0000004b96c00000,0x0000004b96d00000)]
  0x000001d59318a500 JavaThread "C1 CompilerThread0" daemon [_thread_blocked, id=13056, stack(0x0000004b96d00000,0x0000004b96e00000)]
  0x000001d5931b7ff0 JavaThread "Sweeper thread" daemon [_thread_blocked, id=15788, stack(0x0000004b96e00000,0x0000004b96f00000)]

Other Threads:
  0x000001d5fe5bf670 VMThread "VM Thread" [stack: 0x0000004b96500000,0x0000004b96600000] [id=6928]
  0x000001d5ef049420 WorkerThread "GC Thread#0" [stack: 0x0000004b96000000,0x0000004b96100000] [id=5184]
  0x000001d5ef059a20 ConcurrentGCThread "G1 Main Marker" [stack: 0x0000004b96100000,0x0000004b96200000] [id=1264]
  0x000001d5ef05abf0 WorkerThread "G1 Conc#0" [stack: 0x0000004b96200000,0x0000004b96300000] [id=3124]
  0x000001d5fe4120c0 ConcurrentGCThread "G1 Refine#0" [stack: 0x0000004b96300000,0x0000004b96400000] [id=12424]
  0x000001d5fe413c10 ConcurrentGCThread "G1 Service" [stack: 0x0000004b96400000,0x0000004b96500000] [id=11796]

Threads with active compile tasks:

VM state: not at safepoint (normal execution)

VM Mutex/Monitor currently owned by a thread:  ([mutex/lock_event])
[0x000001d5eefe3fc0] Metaspace_lock - owner thread: 0x000001d5eefeb770

Heap address: 0x0000000085800000, size: 1960 MB, Compressed Oops mode: 32-bit

CDS archive(s) not mapped
Compressed class space mapped at: 0x0000000100000000-0x0000000140000000, reserved size: 1073741824
Narrow klass base: 0x0000000000000000, Narrow klass shift: 3, Narrow klass range: 0x140000000

GC Precious Log:
 CardTable entry size: 512
 Card Set container configuration: InlinePtr #cards 5 size 8 Array Of Cards #cards 12 size 40 Howl #buckets 4 coarsen threshold 1843 Howl Bitmap #cards 512 size 80 coarsen threshold 460 Card regions per heap region 1 cards per card region 2048
 CPUs: 8 total, 8 available
 Memory: 7834M
 Large Page Support: Disabled
 NUMA Support: Disabled
 Compressed Oops: Enabled (32-bit)
 Heap Region Size: 1M
 Heap Min Capacity: 8M
 Heap Initial Capacity: 124M
 Heap Max Capacity: 1960M
 Pre-touch: Disabled
 Parallel Workers: 8
 Concurrent Workers: 2
 Concurrent Refinement Workers: 8
 Periodic GC: Disabled

Heap:
 garbage-first heap   total 126976K, used 1024K [0x0000000085800000, 0x0000000100000000)
  region size 1024K, 2 young (2048K), 0 survivors (0K)
 Metaspace       used 3804K, committed 3840K, reserved 1114112K
  class space    used 285K, committed 320K, reserved 1048576K

Heap Regions: E=young(eden), S=young(survivor), O=old, HS=humongous(starts), HC=humongous(continues), CS=collection set, F=free, OA=open archive, CA=closed archive, TAMS=top-at-mark-start (previous, next)
|   0|0x0000000085800000, 0x0000000085800000, 0x0000000085900000|  0%| F|  |TAMS 0x0000000085800000, 0x0000000085800000| Untracked 
|   1|0x0000000085900000, 0x0000000085900000, 0x0000000085a00000|  0%| F|  |TAMS 0x0000000085900000, 0x0000000085900000| Untracked 
|   2|0x0000000085a00000, 0x0000000085a00000, 0x0000000085b00000|  0%| F|  |TAMS 0x0000000085a00000, 0x0000000085a00000| Untracked 
|   3|0x0000000085b00000, 0x0000000085b00000, 0x0000000085c00000|  0%| F|  |TAMS 0x0000000085b00000, 0x0000000085b00000| Untracked 
|   4|0x0000000085c00000, 0x0000000085c00000, 0x0000000085d00000|  0%| F|  |TAMS 0x0000000085c00000, 0x0000000085c00000| Untracked 
|   5|0x0000000085d00000, 0x0000000085d00000, 0x0000000085e00000|  0%| F|  |TAMS 0x0000000085d00000, 0x0000000085d00000| Untracked 
|   6|0x0000000085e00000, 0x0000000085e00000, 0x0000000085f00000|  0%| F|  |TAMS 0x0000000085e00000, 0x0000000085e00000| Untracked 
|   7|0x0000000085f00000, 0x0000000085f00000, 0x0000000086000000|  0%| F|  |TAMS 0x0000000085f00000, 0x0000000085f00000| Untracked 
|   8|0x0000000086000000, 0x0000000086000000, 0x0000000086100000|  0%| F|  |TAMS 0x0000000086000000, 0x0000000086000000| Untracked 
|   9|0x0000000086100000, 0x0000000086100000, 0x0000000086200000|  0%| F|  |TAMS 0x0000000086100000, 0x0000000086100000| Untracked 
|  10|0x0000000086200000, 0x0000000086200000, 0x0000000086300000|  0%| F|  |TAMS 0x0000000086200000, 0x0000000086200000| Untracked 
|  11|0x0000000086300000, 0x0000000086300000, 0x0000000086400000|  0%| F|  |TAMS 0x0000000086300000, 0x0000000086300000| Untracked 
|  12|0x0000000086400000, 0x0000000086400000, 0x0000000086500000|  0%| F|  |TAMS 0x0000000086400000, 0x0000000086400000| Untracked 
|  13|0x0000000086500000, 0x0000000086500000, 0x0000000086600000|  0%| F|  |TAMS 0x0000000086500000, 0x0000000086500000| Untracked 
|  14|0x0000000086600000, 0x0000000086600000, 0x0000000086700000|  0%| F|  |TAMS 0x0000000086600000, 0x0000000086600000| Untracked 
|  15|0x0000000086700000, 0x0000000086700000, 0x0000000086800000|  0%| F|  |TAMS 0x0000000086700000, 0x0000000086700000| Untracked 
|  16|0x0000000086800000, 0x0000000086800000, 0x0000000086900000|  0%| F|  |TAMS 0x0000000086800000, 0x0000000086800000| Untracked 
|  17|0x0000000086900000, 0x0000000086900000, 0x0000000086a00000|  0%| F|  |TAMS 0x0000000086900000, 0x0000000086900000| Untracked 
|  18|0x0000000086a00000, 0x0000000086a00000, 0x0000000086b00000|  0%| F|  |TAMS 0x0000000086a00000, 0x0000000086a00000| Untracked 
|  19|0x0000000086b00000, 0x0000000086b00000, 0x0000000086c00000|  0%| F|  |TAMS 0x0000000086b00000, 0x0000000086b00000| Untracked 
|  20|0x0000000086c00000, 0x0000000086c00000, 0x0000000086d00000|  0%| F|  |TAMS 0x0000000086c00000, 0x0000000086c00000| Untracked 
|  21|0x0000000086d00000, 0x0000000086d00000, 0x0000000086e00000|  0%| F|  |TAMS 0x0000000086d00000, 0x0000000086d00000| Untracked 
|  22|0x0000000086e00000, 0x0000000086e00000, 0x0000000086f00000|  0%| F|  |TAMS 0x0000000086e00000, 0x0000000086e00000| Untracked 
|  23|0x0000000086f00000, 0x0000000086f00000, 0x0000000087000000|  0%| F|  |TAMS 0x0000000086f00000, 0x0000000086f00000| Untracked 
|  24|0x0000000087000000, 0x0000000087000000, 0x0000000087100000|  0%| F|  |TAMS 0x0000000087000000, 0x0000000087000000| Untracked 
|  25|0x0000000087100000, 0x0000000087100000, 0x0000000087200000|  0%| F|  |TAMS 0x0000000087100000, 0x0000000087100000| Untracked 
|  26|0x0000000087200000, 0x0000000087200000, 0x0000000087300000|  0%| F|  |TAMS 0x0000000087200000, 0x0000000087200000| Untracked 
|  27|0x0000000087300000, 0x0000000087300000, 0x0000000087400000|  0%| F|  |TAMS 0x0000000087300000, 0x0000000087300000| Untracked 
|  28|0x0000000087400000, 0x0000000087400000, 0x0000000087500000|  0%| F|  |TAMS 0x0000000087400000, 0x0000000087400000| Untracked 
|  29|0x0000000087500000, 0x0000000087500000, 0x0000000087600000|  0%| F|  |TAMS 0x0000000087500000, 0x0000000087500000| Untracked 
|  30|0x0000000087600000, 0x0000000087600000, 0x0000000087700000|  0%| F|  |TAMS 0x0000000087600000, 0x0000000087600000| Untracked 
|  31|0x0000000087700000, 0x0000000087700000, 0x0000000087800000|  0%| F|  |TAMS 0x0000000087700000, 0x0000000087700000| Untracked 
|  32|0x0000000087800000, 0x0000000087800000, 0x0000000087900000|  0%| F|  |TAMS 0x0000000087800000, 0x0000000087800000| Untracked 
|  33|0x0000000087900000, 0x0000000087900000, 0x0000000087a00000|  0%| F|  |TAMS 0x0000000087900000, 0x0000000087900000| Untracked 
|  34|0x0000000087a00000, 0x0000000087a00000, 0x0000000087b00000|  0%| F|  |TAMS 0x0000000087a00000, 0x0000000087a00000| Untracked 
|  35|0x0000000087b00000, 0x0000000087b00000, 0x0000000087c00000|  0%| F|  |TAMS 0x0000000087b00000, 0x0000000087b00000| Untracked 
|  36|0x0000000087c00000, 0x0000000087c00000, 0x0000000087d00000|  0%| F|  |TAMS 0x0000000087c00000, 0x0000000087c00000| Untracked 
|  37|0x0000000087d00000, 0x0000000087d00000, 0x0000000087e00000|  0%| F|  |TAMS 0x0000000087d00000, 0x0000000087d00000| Untracked 
|  38|0x0000000087e00000, 0x0000000087e00000, 0x0000000087f00000|  0%| F|  |TAMS 0x0000000087e00000, 0x0000000087e00000| Untracked 
|  39|0x0000000087f00000, 0x0000000087f00000, 0x0000000088000000|  0%| F|  |TAMS 0x0000000087f00000, 0x0000000087f00000| Untracked 
|  40|0x0000000088000000, 0x0000000088000000, 0x0000000088100000|  0%| F|  |TAMS 0x0000000088000000, 0x0000000088000000| Untracked 
|  41|0x0000000088100000, 0x0000000088100000, 0x0000000088200000|  0%| F|  |TAMS 0x0000000088100000, 0x0000000088100000| Untracked 
|  42|0x0000000088200000, 0x0000000088200000, 0x0000000088300000|  0%| F|  |TAMS 0x0000000088200000, 0x0000000088200000| Untracked 
|  43|0x0000000088300000, 0x0000000088300000, 0x0000000088400000|  0%| F|  |TAMS 0x0000000088300000, 0x0000000088300000| Untracked 
|  44|0x0000000088400000, 0x0000000088400000, 0x0000000088500000|  0%| F|  |TAMS 0x0000000088400000, 0x0000000088400000| Untracked 
|  45|0x0000000088500000, 0x0000000088500000, 0x0000000088600000|  0%| F|  |TAMS 0x0000000088500000, 0x0000000088500000| Untracked 
|  46|0x0000000088600000, 0x0000000088600000, 0x0000000088700000|  0%| F|  |TAMS 0x0000000088600000, 0x0000000088600000| Untracked 
|  47|0x0000000088700000, 0x0000000088700000, 0x0000000088800000|  0%| F|  |TAMS 0x0000000088700000, 0x0000000088700000| Untracked 
|  48|0x0000000088800000, 0x0000000088800000, 0x0000000088900000|  0%| F|  |TAMS 0x0000000088800000, 0x0000000088800000| Untracked 
|  49|0x0000000088900000, 0x0000000088900000, 0x0000000088a00000|  0%| F|  |TAMS 0x0000000088900000, 0x0000000088900000| Untracked 
|  50|0x0000000088a00000, 0x0000000088a00000, 0x0000000088b00000|  0%| F|  |TAMS 0x0000000088a00000, 0x0000000088a00000| Untracked 
|  51|0x0000000088b00000, 0x0000000088b00000, 0x0000000088c00000|  0%| F|  |TAMS 0x0000000088b00000, 0x0000000088b00000| Untracked 
|  52|0x0000000088c00000, 0x0000000088c00000, 0x0000000088d00000|  0%| F|  |TAMS 0x0000000088c00000, 0x0000000088c00000| Untracked 
|  53|0x0000000088d00000, 0x0000000088d00000, 0x0000000088e00000|  0%| F|  |TAMS 0x0000000088d00000, 0x0000000088d00000| Untracked 
|  54|0x0000000088e00000, 0x0000000088e00000, 0x0000000088f00000|  0%| F|  |TAMS 0x0000000088e00000, 0x0000000088e00000| Untracked 
|  55|0x0000000088f00000, 0x0000000088f00000, 0x0000000089000000|  0%| F|  |TAMS 0x0000000088f00000, 0x0000000088f00000| Untracked 
|  56|0x0000000089000000, 0x0000000089000000, 0x0000000089100000|  0%| F|  |TAMS 0x0000000089000000, 0x0000000089000000| Untracked 
|  57|0x0000000089100000, 0x0000000089100000, 0x0000000089200000|  0%| F|  |TAMS 0x0000000089100000, 0x0000000089100000| Untracked 
|  58|0x0000000089200000, 0x0000000089200000, 0x0000000089300000|  0%| F|  |TAMS 0x0000000089200000, 0x0000000089200000| Untracked 
|  59|0x0000000089300000, 0x0000000089300000, 0x0000000089400000|  0%| F|  |TAMS 0x0000000089300000, 0x0000000089300000| Untracked 
|  60|0x0000000089400000, 0x0000000089400000, 0x0000000089500000|  0%| F|  |TAMS 0x0000000089400000, 0x0000000089400000| Untracked 
|  61|0x0000000089500000, 0x0000000089500000, 0x0000000089600000|  0%| F|  |TAMS 0x0000000089500000, 0x0000000089500000| Untracked 
|  62|0x0000000089600000, 0x0000000089600000, 0x0000000089700000|  0%| F|  |TAMS 0x0000000089600000, 0x0000000089600000| Untracked 
|  63|0x0000000089700000, 0x0000000089700000, 0x0000000089800000|  0%| F|  |TAMS 0x0000000089700000, 0x0000000089700000| Untracked 
|  64|0x0000000089800000, 0x0000000089800000, 0x0000000089900000|  0%| F|  |TAMS 0x0000000089800000, 0x0000000089800000| Untracked 
|  65|0x0000000089900000, 0x0000000089900000, 0x0000000089a00000|  0%| F|  |TAMS 0x0000000089900000, 0x0000000089900000| Untracked 
|  66|0x0000000089a00000, 0x0000000089a00000, 0x0000000089b00000|  0%| F|  |TAMS 0x0000000089a00000, 0x0000000089a00000| Untracked 
|  67|0x0000000089b00000, 0x0000000089b00000, 0x0000000089c00000|  0%| F|  |TAMS 0x0000000089b00000, 0x0000000089b00000| Untracked 
|  68|0x0000000089c00000, 0x0000000089c00000, 0x0000000089d00000|  0%| F|  |TAMS 0x0000000089c00000, 0x0000000089c00000| Untracked 
|  69|0x0000000089d00000, 0x0000000089d00000, 0x0000000089e00000|  0%| F|  |TAMS 0x0000000089d00000, 0x0000000089d00000| Untracked 
|  70|0x0000000089e00000, 0x0000000089e00000, 0x0000000089f00000|  0%| F|  |TAMS 0x0000000089e00000, 0x0000000089e00000| Untracked 
|  71|0x0000000089f00000, 0x0000000089f00000, 0x000000008a000000|  0%| F|  |TAMS 0x0000000089f00000, 0x0000000089f00000| Untracked 
|  72|0x000000008a000000, 0x000000008a000000, 0x000000008a100000|  0%| F|  |TAMS 0x000000008a000000, 0x000000008a000000| Untracked 
|  73|0x000000008a100000, 0x000000008a100000, 0x000000008a200000|  0%| F|  |TAMS 0x000000008a100000, 0x000000008a100000| Untracked 
|  74|0x000000008a200000, 0x000000008a200000, 0x000000008a300000|  0%| F|  |TAMS 0x000000008a200000, 0x000000008a200000| Untracked 
|  75|0x000000008a300000, 0x000000008a300000, 0x000000008a400000|  0%| F|  |TAMS 0x000000008a300000, 0x000000008a300000| Untracked 
|  76|0x000000008a400000, 0x000000008a400000, 0x000000008a500000|  0%| F|  |TAMS 0x000000008a400000, 0x000000008a400000| Untracked 
|  77|0x000000008a500000, 0x000000008a500000, 0x000000008a600000|  0%| F|  |TAMS 0x000000008a500000, 0x000000008a500000| Untracked 
|  78|0x000000008a600000, 0x000000008a600000, 0x000000008a700000|  0%| F|  |TAMS 0x000000008a600000, 0x000000008a600000| Untracked 
|  79|0x000000008a700000, 0x000000008a700000, 0x000000008a800000|  0%| F|  |TAMS 0x000000008a700000, 0x000000008a700000| Untracked 
|  80|0x000000008a800000, 0x000000008a800000, 0x000000008a900000|  0%| F|  |TAMS 0x000000008a800000, 0x000000008a800000| Untracked 
|  81|0x000000008a900000, 0x000000008a900000, 0x000000008aa00000|  0%| F|  |TAMS 0x000000008a900000, 0x000000008a900000| Untracked 
|  82|0x000000008aa00000, 0x000000008aa00000, 0x000000008ab00000|  0%| F|  |TAMS 0x000000008aa00000, 0x000000008aa00000| Untracked 
|  83|0x000000008ab00000, 0x000000008ab00000, 0x000000008ac00000|  0%| F|  |TAMS 0x000000008ab00000, 0x000000008ab00000| Untracked 
|  84|0x000000008ac00000, 0x000000008ac00000, 0x000000008ad00000|  0%| F|  |TAMS 0x000000008ac00000, 0x000000008ac00000| Untracked 
|  85|0x000000008ad00000, 0x000000008ad00000, 0x000000008ae00000|  0%| F|  |TAMS 0x000000008ad00000, 0x000000008ad00000| Untracked 
|  86|0x000000008ae00000, 0x000000008ae00000, 0x000000008af00000|  0%| F|  |TAMS 0x000000008ae00000, 0x000000008ae00000| Untracked 
|  87|0x000000008af00000, 0x000000008af00000, 0x000000008b000000|  0%| F|  |TAMS 0x000000008af00000, 0x000000008af00000| Untracked 
|  88|0x000000008b000000, 0x000000008b000000, 0x000000008b100000|  0%| F|  |TAMS 0x000000008b000000, 0x000000008b000000| Untracked 
|  89|0x000000008b100000, 0x000000008b100000, 0x000000008b200000|  0%| F|  |TAMS 0x000000008b100000, 0x000000008b100000| Untracked 
|  90|0x000000008b200000, 0x000000008b200000, 0x000000008b300000|  0%| F|  |TAMS 0x000000008b200000, 0x000000008b200000| Untracked 
|  91|0x000000008b300000, 0x000000008b300000, 0x000000008b400000|  0%| F|  |TAMS 0x000000008b300000, 0x000000008b300000| Untracked 
|  92|0x000000008b400000, 0x000000008b400000, 0x000000008b500000|  0%| F|  |TAMS 0x000000008b400000, 0x000000008b400000| Untracked 
|  93|0x000000008b500000, 0x000000008b500000, 0x000000008b600000|  0%| F|  |TAMS 0x000000008b500000, 0x000000008b500000| Untracked 
|  94|0x000000008b600000, 0x000000008b600000, 0x000000008b700000|  0%| F|  |TAMS 0x000000008b600000, 0x000000008b600000| Untracked 
|  95|0x000000008b700000, 0x000000008b700000, 0x000000008b800000|  0%| F|  |TAMS 0x000000008b700000, 0x000000008b700000| Untracked 
|  96|0x000000008b800000, 0x000000008b800000, 0x000000008b900000|  0%| F|  |TAMS 0x000000008b800000, 0x000000008b800000| Untracked 
|  97|0x000000008b900000, 0x000000008b900000, 0x000000008ba00000|  0%| F|  |TAMS 0x000000008b900000, 0x000000008b900000| Untracked 
|  98|0x000000008ba00000, 0x000000008ba00000, 0x000000008bb00000|  0%| F|  |TAMS 0x000000008ba00000, 0x000000008ba00000| Untracked 
|  99|0x000000008bb00000, 0x000000008bb00000, 0x000000008bc00000|  0%| F|  |TAMS 0x000000008bb00000, 0x000000008bb00000| Untracked 
| 100|0x000000008bc00000, 0x000000008bc00000, 0x000000008bd00000|  0%| F|  |TAMS 0x000000008bc00000, 0x000000008bc00000| Untracked 
| 101|0x000000008bd00000, 0x000000008bd00000, 0x000000008be00000|  0%| F|  |TAMS 0x000000008bd00000, 0x000000008bd00000| Untracked 
| 102|0x000000008be00000, 0x000000008be00000, 0x000000008bf00000|  0%| F|  |TAMS 0x000000008be00000, 0x000000008be00000| Untracked 
| 103|0x000000008bf00000, 0x000000008bf00000, 0x000000008c000000|  0%| F|  |TAMS 0x000000008bf00000, 0x000000008bf00000| Untracked 
| 104|0x000000008c000000, 0x000000008c000000, 0x000000008c100000|  0%| F|  |TAMS 0x000000008c000000, 0x000000008c000000| Untracked 
| 105|0x000000008c100000, 0x000000008c100000, 0x000000008c200000|  0%| F|  |TAMS 0x000000008c100000, 0x000000008c100000| Untracked 
| 106|0x000000008c200000, 0x000000008c200000, 0x000000008c300000|  0%| F|  |TAMS 0x000000008c200000, 0x000000008c200000| Untracked 
| 107|0x000000008c300000, 0x000000008c300000, 0x000000008c400000|  0%| F|  |TAMS 0x000000008c300000, 0x000000008c300000| Untracked 
| 108|0x000000008c400000, 0x000000008c400000, 0x000000008c500000|  0%| F|  |TAMS 0x000000008c400000, 0x000000008c400000| Untracked 
| 109|0x000000008c500000, 0x000000008c500000, 0x000000008c600000|  0%| F|  |TAMS 0x000000008c500000, 0x000000008c500000| Untracked 
| 110|0x000000008c600000, 0x000000008c600000, 0x000000008c700000|  0%| F|  |TAMS 0x000000008c600000, 0x000000008c600000| Untracked 
| 111|0x000000008c700000, 0x000000008c700000, 0x000000008c800000|  0%| F|  |TAMS 0x000000008c700000, 0x000000008c700000| Untracked 
| 112|0x000000008c800000, 0x000000008c800000, 0x000000008c900000|  0%| F|  |TAMS 0x000000008c800000, 0x000000008c800000| Untracked 
| 113|0x000000008c900000, 0x000000008c900000, 0x000000008ca00000|  0%| F|  |TAMS 0x000000008c900000, 0x000000008c900000| Untracked 
| 114|0x000000008ca00000, 0x000000008ca00000, 0x000000008cb00000|  0%| F|  |TAMS 0x000000008ca00000, 0x000000008ca00000| Untracked 
| 115|0x000000008cb00000, 0x000000008cb00000, 0x000000008cc00000|  0%| F|  |TAMS 0x000000008cb00000, 0x000000008cb00000| Untracked 
| 116|0x000000008cc00000, 0x000000008cc00000, 0x000000008cd00000|  0%| F|  |TAMS 0x000000008cc00000, 0x000000008cc00000| Untracked 
| 117|0x000000008cd00000, 0x000000008cd00000, 0x000000008ce00000|  0%| F|  |TAMS 0x000000008cd00000, 0x000000008cd00000| Untracked 
| 118|0x000000008ce00000, 0x000000008ce00000, 0x000000008cf00000|  0%| F|  |TAMS 0x000000008ce00000, 0x000000008ce00000| Untracked 
| 119|0x000000008cf00000, 0x000000008cf00000, 0x000000008d000000|  0%| F|  |TAMS 0x000000008cf00000, 0x000000008cf00000| Untracked 
| 120|0x000000008d000000, 0x000000008d000000, 0x000000008d100000|  0%| F|  |TAMS 0x000000008d000000, 0x000000008d000000| Untracked 
| 121|0x000000008d100000, 0x000000008d100000, 0x000000008d200000|  0%| F|  |TAMS 0x000000008d100000, 0x000000008d100000| Untracked 
| 122|0x000000008d200000, 0x000000008d276450, 0x000000008d300000| 46%| E|  |TAMS 0x000000008d200000, 0x000000008d200000| Complete 
| 123|0x000000008d300000, 0x000000008d400000, 0x000000008d400000|100%| E|CS|TAMS 0x000000008d300000, 0x000000008d300000| Complete 

Card table byte_map: [0x000001d5f7660000,0x000001d5f7a40000] _byte_map_base: 0x000001d5f7234000

Marking Bits (Prev, Next): (CMBitMap*) 0x000001d5ef049a50, (CMBitMap*) 0x000001d5ef049a90
 Prev Bits: [0x000001d5f7e20000, 0x000001d5f9cc0000)
 Next Bits: [0x000001d5f9cc0000, 0x000001d5fbb60000)

Polling page: 0x000001d5ecfd0000

Metaspace:

Usage:
  Non-class:      3.44 MB used.
      Class:    285.84 KB used.
       Both:      3.72 MB used.

Virtual space:
  Non-class space:       64.00 MB reserved,       3.44 MB (  5%) committed,  1 nodes.
      Class space:        1.00 GB reserved,     320.00 KB ( <1%) committed,  1 nodes.
             Both:        1.06 GB reserved,       3.75 MB ( <1%) committed. 

Chunk freelists:
   Non-Class:  0 bytes
       Class:  3.62 MB
        Both:  3.62 MB

MaxMetaspaceSize: unlimited
CompressedClassSpaceSize: 1.00 GB
Initial GC threshold: 21.00 MB
Current GC threshold: 21.00 MB
CDS: off
MetaspaceReclaimPolicy: balanced
 - commit_granule_bytes: 65536.
 - commit_granule_words: 8192.
 - virtual_space_node_default_size: 8388608.
 - enlarge_chunks_in_place: 1.
 - new_chunks_are_fully_committed: 0.
 - uncommit_free_chunks: 1.
 - use_allocation_guard: 0.


Internal statistics:

num_allocs_failed_limit: 0.
num_arena_births: 2.
num_arena_deaths: 0.
num_vsnodes_births: 2.
num_vsnodes_deaths: 0.
num_space_committed: 60.
num_space_uncommitted: 0.
num_chunks_returned_to_freelist: 0.
num_chunks_taken_from_freelist: 4.
num_chunk_merges: 0.
num_chunk_splits: 1.
num_chunks_enlarged: 0.
num_inconsistent_stats: 0.

CodeHeap 'non-profiled nmethods': size=120000Kb used=12Kb max_used=12Kb free=119987Kb
 bounds [0x000001d587ad0000, 0x000001d587d40000, 0x000001d58f000000]
CodeHeap 'profiled nmethods': size=120000Kb used=78Kb max_used=78Kb free=119921Kb
 bounds [0x000001d580000000, 0x000001d580270000, 0x000001d587530000]
CodeHeap 'non-nmethods': size=5760Kb used=1285Kb max_used=1289Kb free=4474Kb
 bounds [0x000001d587530000, 0x000001d5877a0000, 0x000001d587ad0000]
 total_blobs=351 nmethods=59 adapters=202
 compilation: enabled
              stopped_count=0, restarted_count=0
 full_count=0

Compilation events (20 events):
Event: 0.120 Thread 0x000001d59318a500   52       3       java.util.HashMap::getNode (150 bytes)
Event: 0.120 Thread 0x000001d59318a500 nmethod 52 0x000001d580011090 code [0x000001d5800112e0, 0x000001d580011eb8]
Event: 0.120 Thread 0x000001d59318a500   54       3       java.util.HashMap::newNode (13 bytes)
Event: 0.120 Thread 0x000001d59318a500 nmethod 54 0x000001d580012190 code [0x000001d580012340, 0x000001d580012698]
Event: 0.120 Thread 0x000001d59318a500   53       3       java.util.HashMap::get (19 bytes)
Event: 0.120 Thread 0x000001d59318a500 nmethod 53 0x000001d580012790 code [0x000001d580012940, 0x000001d580012b28]
Event: 0.120 Thread 0x000001d59318a500   50       3       java.util.ImmutableCollections$Set12$1::hasNext (13 bytes)
Event: 0.120 Thread 0x000001d59318a500 nmethod 50 0x000001d580012c10 code [0x000001d580012da0, 0x000001d580012f18]
Event: 0.120 Thread 0x000001d59318a500   56       3       java.util.ImmutableCollections$MapN::get (35 bytes)
Event: 0.121 Thread 0x000001d59318a500 nmethod 56 0x000001d580012f90 code [0x000001d580013180, 0x000001d580013558]
Event: 0.121 Thread 0x000001d59318a500   58       3       java.util.HashSet::add (20 bytes)
Event: 0.121 Thread 0x000001d59318a500 nmethod 58 0x000001d580013690 code [0x000001d580013840, 0x000001d580013a28]
Event: 0.121 Thread 0x000001d59318a500   51       1       java.lang.module.ModuleDescriptor$Exports::source (5 bytes)
Event: 0.121 Thread 0x000001d59318a500 nmethod 51 0x000001d587ad2710 code [0x000001d587ad28a0, 0x000001d587ad2978]
Event: 0.121 Thread 0x000001d59318a500   55       1       java.lang.module.ModuleDescriptor::isAutomatic (5 bytes)
Event: 0.121 Thread 0x000001d59318a500 nmethod 55 0x000001d587ad2a10 code [0x000001d587ad2ba0, 0x000001d587ad2c78]
Event: 0.121 Thread 0x000001d59318a500   59       1       java.lang.module.ResolvedModule::configuration (5 bytes)
Event: 0.121 Thread 0x000001d59318a500 nmethod 59 0x000001d587ad2d10 code [0x000001d587ad2ea0, 0x000001d587ad2f78]
Event: 0.121 Thread 0x000001d59318a500   57       1       java.lang.module.ModuleDescriptor$Exports::targets (5 bytes)
Event: 0.121 Thread 0x000001d59318a500 nmethod 57 0x000001d587ad3010 code [0x000001d587ad31a0, 0x000001d587ad3278]

GC Heap History (0 events):
No events

Dll operation events (2 events):
Event: 0.004 Loaded shared library C:\Program Files\Java\jdk-19\bin\java.dll
Event: 0.052 Loaded shared library C:\Program Files\Java\jdk-19\bin\jsvml.dll

Deoptimization events (0 events):
No events

Classes loaded (20 events):
Event: 0.115 Loading class java/util/AbstractMap$1$1
Event: 0.115 Loading class java/util/AbstractMap$1$1 done
Event: 0.115 Loading class jdk/internal/module/ModuleLoaderMap
Event: 0.115 Loading class jdk/internal/module/ModuleLoaderMap done
Event: 0.115 Loading class jdk/internal/module/ModuleLoaderMap$Mapper
Event: 0.115 Loading class jdk/internal/module/ModuleLoaderMap$Mapper done
Event: 0.115 Loading class jdk/internal/module/ModuleLoaderMap$Modules
Event: 0.115 Loading class jdk/internal/module/ModuleLoaderMap$Modules done
Event: 0.116 Loading class java/lang/ModuleLayer
Event: 0.116 Loading class java/lang/ModuleLayer done
Event: 0.116 Loading class java/util/ImmutableCollections$ListItr
Event: 0.116 Loading class java/util/ListIterator
Event: 0.116 Loading class java/util/ListIterator done
Event: 0.116 Loading class java/util/ImmutableCollections$ListItr done
Event: 0.121 Loading class jdk/internal/loader/AbstractClassLoaderValue$Memoizer
Event: 0.121 Loading class jdk/internal/loader/AbstractClassLoaderValue$Memoizer done
Event: 0.121 Loading class jdk/internal/module/ServicesCatalog$ServiceProvider
Event: 0.121 Loading class jdk/internal/module/ServicesCatalog$ServiceProvider done
Event: 0.121 Loading class java/util/concurrent/CopyOnWriteArrayList
Event: 0.121 Loading class java/util/concurrent/CopyOnWriteArrayList done

Classes unloaded (0 events):
No events

Classes redefined (0 events):
No events

Internal exceptions (0 events):
No events

VM Operations (0 events):
No events

Events (10 events):
Event: 0.052 Thread 0x000001d5eefeb770 Thread added: 0x000001d5eefeb770
Event: 0.087 Thread 0x000001d59316f550 Thread added: 0x000001d59316f550
Event: 0.087 Thread 0x000001d593170230 Thread added: 0x000001d593170230
Event: 0.089 Thread 0x000001d593176b70 Thread added: 0x000001d593176b70
Event: 0.089 Thread 0x000001d593177590 Thread added: 0x000001d593177590
Event: 0.089 Thread 0x000001d593177fb0 Thread added: 0x000001d593177fb0
Event: 0.089 Thread 0x000001d5931789d0 Thread added: 0x000001d5931789d0
Event: 0.089 Thread 0x000001d593179860 Thread added: 0x000001d593179860
Event: 0.089 Thread 0x000001d59318a500 Thread added: 0x000001d59318a500
Event: 0.089 Thread 0x000001d5931b7ff0 Thread added: 0x000001d5931b7ff0


Dynamic libraries:
0x00007ff74c900000 - 0x00007ff74c910000 	C:\Program Files\Java\jdk-19\bin\java.exe
0x00007ffd61a30000 - 0x00007ffd61c28000 	C:\WINDOWS\SYSTEM32\ntdll.dll
0x00007ffd604b0000 - 0x00007ffd6056d000 	C:\WINDOWS\System32\KERNEL32.DLL
0x00007ffd5f710000 - 0x00007ffd5f9e2000 	C:\WINDOWS\System32\KERNELBASE.dll
0x00007ffd5f140000 - 0x00007ffd5f240000 	C:\WINDOWS\System32\ucrtbase.dll
0x00007ffd24520000 - 0x00007ffd24538000 	C:\Program Files\Java\jdk-19\bin\jli.dll
0x00007ffd26e60000 - 0x00007ffd26e7b000 	C:\Program Files\Java\jdk-19\bin\VCRUNTIME140.dll
0x00007ffd603c0000 - 0x00007ffd6046e000 	C:\WINDOWS\System32\ADVAPI32.dll
0x00007ffd5fbc0000 - 0x00007ffd5fc5e000 	C:\WINDOWS\System32\msvcrt.dll
0x00007ffd616b0000 - 0x00007ffd6174c000 	C:\WINDOWS\System32\sechost.dll
0x00007ffd5fe20000 - 0x00007ffd5ff45000 	C:\WINDOWS\System32\RPCRT4.dll
0x00007ffd60b50000 - 0x00007ffd60ced000 	C:\WINDOWS\System32\USER32.dll
0x00007ffd3d1d0000 - 0x00007ffd3d46a000 	C:\WINDOWS\WinSxS\amd64_microsoft.windows.common-controls_6595b64144ccf1df_6.0.19041.1110_none_60b5254171f9507e\COMCTL32.dll
0x00007ffd5fa60000 - 0x00007ffd5fa82000 	C:\WINDOWS\System32\win32u.dll
0x00007ffd60480000 - 0x00007ffd604ab000 	C:\WINDOWS\System32\GDI32.dll
0x00007ffd5f4e0000 - 0x00007ffd5f5ef000 	C:\WINDOWS\System32\gdi32full.dll
0x00007ffd5f5f0000 - 0x00007ffd5f68d000 	C:\WINDOWS\System32\msvcp_win.dll
0x00007ffd56220000 - 0x00007ffd5622a000 	C:\WINDOWS\SYSTEM32\VERSION.dll
0x00007ffd61680000 - 0x00007ffd616b0000 	C:\WINDOWS\System32\IMM32.DLL
0x00007ffd3a6d0000 - 0x00007ffd3a6dc000 	C:\Program Files\Java\jdk-19\bin\vcruntime140_1.dll
0x00007ffd140b0000 - 0x00007ffd1413e000 	C:\Program Files\Java\jdk-19\bin\msvcp140.dll
0x00007ffcf54f0000 - 0x00007ffcf61b0000 	C:\Program Files\Java\jdk-19\bin\server\jvm.dll
0x00007ffd58c50000 - 0x00007ffd58c59000 	C:\WINDOWS\SYSTEM32\WSOCK32.dll
0x00007ffd37a80000 - 0x00007ffd37aa7000 	C:\WINDOWS\SYSTEM32\WINMM.dll
0x00007ffd61610000 - 0x00007ffd6167b000 	C:\WINDOWS\System32\WS2_32.dll
0x00007ffd5d990000 - 0x00007ffd5d9a2000 	C:\WINDOWS\SYSTEM32\kernel.appcore.dll
0x00007ffd39f00000 - 0x00007ffd39f0a000 	C:\Program Files\Java\jdk-19\bin\jimage.dll
0x00007ffd5cee0000 - 0x00007ffd5d0c4000 	C:\WINDOWS\SYSTEM32\DBGHELP.DLL
0x00007ffd3e200000 - 0x00007ffd3e22c000 	C:\WINDOWS\SYSTEM32\dbgcore.DLL
0x00007ffd5f240000 - 0x00007ffd5f2c2000 	C:\WINDOWS\System32\bcryptPrimitives.dll
0x00007ffd1e580000 - 0x00007ffd1e5a6000 	C:\Program Files\Java\jdk-19\bin\java.dll
0x00007ffd13fd0000 - 0x00007ffd140a7000 	C:\Program Files\Java\jdk-19\bin\jsvml.dll
0x00007ffd60e10000 - 0x00007ffd61553000 	C:\WINDOWS\System32\SHELL32.dll
0x00007ffd5d0d0000 - 0x00007ffd5d861000 	C:\WINDOWS\SYSTEM32\windows.storage.dll
0x00007ffd60790000 - 0x00007ffd60ae4000 	C:\WINDOWS\System32\combase.dll
0x00007ffd5eba0000 - 0x00007ffd5ebd0000 	C:\WINDOWS\SYSTEM32\Wldp.dll
0x00007ffd61560000 - 0x00007ffd6160d000 	C:\WINDOWS\System32\SHCORE.dll
0x00007ffd60af0000 - 0x00007ffd60b45000 	C:\WINDOWS\System32\shlwapi.dll
0x00007ffd5f080000 - 0x00007ffd5f09f000 	C:\WINDOWS\SYSTEM32\profapi.dll

dbghelp: loaded successfully - version: 4.0.5 - missing functions: none
symbol engine: initialized successfully - sym options: 0x614 - pdb path: .;C:\Program Files\Java\jdk-19\bin;C:\WINDOWS\SYSTEM32;C:\WINDOWS\WinSxS\amd64_microsoft.windows.common-controls_6595b64144ccf1df_6.0.19041.1110_none_60b5254171f9507e;C:\Program Files\Java\jdk-19\bin\server

VM Arguments:
jvm_args: --enable-preview -XX:+ShowCodeDetailsInExceptionMessages 
java_command: Seminar4.Task02
java_class_path (initial): C:\Users\rimtimti\AppData\Roaming\Code\User\workspaceStorage\46947a51eafc68bf0daaf603f8ba07c6\redhat.java\jdt_ws\JAVA_Home_Work_2433d49c\bin;c:\Program Files\Java\jdk-19\lib\json-simple-1.1.1.jar
Launcher Type: SUN_STANDARD

[Global flags]
     intx CICompilerCount                          = 4                                         {product} {ergonomic}
     uint ConcGCThreads                            = 2                                         {product} {ergonomic}
     uint G1ConcRefinementThreads                  = 8                                         {product} {ergonomic}
   size_t G1HeapRegionSize                         = 1048576                                   {product} {ergonomic}
    uintx GCDrainStackTargetSize                   = 64                                        {product} {ergonomic}
   size_t InitialHeapSize                          = 130023424                                 {product} {ergonomic}
   size_t MarkStackSize                            = 4194304                                   {product} {ergonomic}
   size_t MaxHeapSize                              = 2055208960                                {product} {ergonomic}
   size_t MaxNewSize                               = 1233125376                                {product} {ergonomic}
   size_t MinHeapDeltaBytes                        = 1048576                                   {product} {ergonomic}
   size_t MinHeapSize                              = 8388608                                   {product} {ergonomic}
    uintx NonNMethodCodeHeapSize                   = 5839372                                {pd product} {ergonomic}
    uintx NonProfiledCodeHeapSize                  = 122909434                              {pd product} {ergonomic}
    uintx ProfiledCodeHeapSize                     = 122909434                              {pd product} {ergonomic}
    uintx ReservedCodeCacheSize                    = 251658240                              {pd product} {ergonomic}
     bool SegmentedCodeCache                       = true                                      {product} {ergonomic}
     bool ShowCodeDetailsInExceptionMessages       = true                                   {manageable} {command line}
   size_t SoftMaxHeapSize                          = 2055208960                             {manageable} {ergonomic}
     bool UseCompressedClassPointers               = true                           {product lp64_product} {ergonomic}
     bool UseCompressedOops                        = true                           {product lp64_product} {ergonomic}
     bool UseG1GC                                  = true                                      {product} {ergonomic}
     bool UseLargePagesIndividualAllocation        = false                                  {pd product} {ergonomic}

Logging:
Log output configuration:
 #0: stdout all=warning uptime,level,tags foldmultilines=false
 #1: stderr all=off uptime,level,tags foldmultilines=false

Environment Variables:
PATH=C:\Program Files\Common Files\Oracle\Java\javapath;C:\WINDOWS\system32;C:\WINDOWS;C:\WINDOWS\System32\Wbem;C:\WINDOWS\System32\WindowsPowerShell\v1.0\;C:\WINDOWS\System32\OpenSSH\;C:\Program Files\dotnet\;C:\Program Files\Git\cmd;C:\Users\rimtimti\AppData\Local\Programs\Python\Python310\Scripts\;C:\Users\rimtimti\AppData\Local\Programs\Python\Python310\;C:\Users\rimtimti\AppData\Local\Microsoft\WindowsApps;C:\Users\rimtimti\.dotnet\tools;C:\Users\rimtimti\AppData\Local\Programs\Microsoft VS Code\bin
USERNAME=rimtimti
LANG=ru_RU.UTF-8
OS=Windows_NT
PROCESSOR_IDENTIFIER=Intel64 Family 6 Model 140 Stepping 1, GenuineIntel
TMP=C:\Users\rimtimti\AppData\Local\Temp
TEMP=C:\Users\rimtimti\AppData\Local\Temp



---------------  S Y S T E M  ---------------

OS:
 Windows 10 , 64 bit Build 19041 (10.0.19041.1889)
OS uptime: 4 days 13:33 hours

CPU: total 8 (initial active 8) (4 cores per cpu, 2 threads per core) family 6 model 140 stepping 1 microcode 0x9a, cx8, cmov, fxsr, ht, mmx, 3dnowpref, sse, sse2, sse3, ssse3, sse4.1, sse4.2, popcnt, lzcnt, tsc, tscinvbit, avx, avx2, aes, erms, clmul, bmi1, bmi2, adx, avx512f, avx512dq, avx512cd, avx512bw, avx512vl, sha, fma, vzeroupper, avx512_vpopcntdq, avx512_vpclmulqdq, avx512_vaes, avx512_vnni, clflush, clflushopt, clwb, avx512_vbmi2, avx512_vbmi, rdtscp, rdpid, fsrm, gfni, avx512_bitalg

Memory: 4k page, system-wide physical 7834M (2347M free)
TotalPageFile size 8634M (AvailPageFile size 4M)
current process WorkingSet (physical memory assigned to process): 26M, peak: 26M
current process commit charge ("private bytes"): 198M, peak: 202M

vm_info: Java HotSpot(TM) 64-Bit Server VM (19+36-2238) for windows-amd64 JRE (19+36-2238), built on 2022-08-12T20:29:01Z by "mach5one" with MS VC++ 17.1 (VS2022)

END.
